<?xml version="1.0" encoding="utf-8"?><testsuite errors="0" failures="1" name="pytest" skipped="0" tests="4" time="4.636"><testcase classname="test_submit" file="test_submit.py" line="3" name="test_q1" time="0.001"></testcase><testcase classname="test_submit" file="test_submit.py" line="8" name="test_q2" time="0.001"><failure message="assert 14 == 15
  -14
  +15">E   assert 14 == 15
      -14
      +15</failure></testcase><testcase classname="test_submit" file="test_submit.py" line="13" name="test_q3" time="0.001"></testcase><testcase classname="test_submit" file="test_submit.py" line="18" name="test_q4" time="0.375"></testcase></testsuite>